2021-07-13 15:18:27,318 [Worker-1: Loading available Gradle versions] INFO  o.e.b.c.i.u.g.PublishedGradleVersions - Gradle version information cache is up-to-date. Trying to read.
2021-07-13 16:56:12,998 [Worker-10: Updating Maven Dependencies] INFO  o.e.m.c.i.l.LifecycleMappingFactory - Using org.eclipse.m2e.jdt.JarLifecycleMapping lifecycle mapping for MavenProject: com.IOC:first-meathod:0.0.1-SNAPSHOT @ C:\Users\Anuj Singh\Desktop\Cogni_Rocks\Dependency Injection Techniques\first-meathod\pom.xml.
2021-07-13 16:56:18,960 [Worker-0: Building] INFO  o.e.m.c.i.embedder.EclipseLogger - Using 'UTF-8' encoding to copy filtered resources.
2021-07-13 16:56:18,961 [Worker-0: Building] INFO  o.e.m.c.i.embedder.EclipseLogger - skip non existing resourceDirectory C:\Users\Anuj Singh\Desktop\Cogni_Rocks\Dependency Injection Techniques\first-meathod\src\main\resources
2021-07-13 16:56:18,965 [Worker-0: Building] INFO  o.e.m.c.i.embedder.EclipseLogger - Using 'UTF-8' encoding to copy filtered resources.
2021-07-13 16:56:18,966 [Worker-0: Building] INFO  o.e.m.c.i.embedder.EclipseLogger - skip non existing resourceDirectory C:\Users\Anuj Singh\Desktop\Cogni_Rocks\Dependency Injection Techniques\first-meathod\src\test\resources
2021-07-13 16:57:03,137 [Worker-13: Building] INFO  o.e.m.c.i.embedder.EclipseLogger - Using 'UTF-8' encoding to copy filtered resources.
2021-07-13 16:57:03,137 [Worker-13: Building] INFO  o.e.m.c.i.embedder.EclipseLogger - skip non existing resourceDirectory C:\Users\Anuj Singh\Desktop\Cogni_Rocks\Dependency Injection Techniques\first-meathod\src\main\resources
2021-07-13 16:57:03,140 [Worker-13: Building] INFO  o.e.m.c.i.embedder.EclipseLogger - Using 'UTF-8' encoding to copy filtered resources.
2021-07-13 16:57:03,140 [Worker-13: Building] INFO  o.e.m.c.i.embedder.EclipseLogger - skip non existing resourceDirectory C:\Users\Anuj Singh\Desktop\Cogni_Rocks\Dependency Injection Techniques\first-meathod\src\test\resources
2021-07-13 17:00:23,791 [Worker-9: Building] ERROR o.e.m.c.i.URLConnectionCaches - Unexpected URLConnection defaultUseCaches enabled
2021-07-13 17:00:24,408 [Worker-9: Building] INFO  o.e.m.c.i.l.LifecycleMappingFactory - Using org.eclipse.m2e.jdt.JarLifecycleMapping lifecycle mapping for MavenProject: com.IOC:first-meathod:0.0.1-SNAPSHOT @ C:\Users\Anuj Singh\Desktop\Cogni_Rocks\Dependency Injection Techniques\first-meathod\pom.xml.
2021-07-13 17:00:24,471 [Worker-9: Building] ERROR o.e.m.c.i.URLConnectionCaches - Unexpected URLConnection defaultUseCaches enabled
2021-07-13 17:00:24,644 [Worker-9: Building] INFO  o.e.m.c.i.embedder.EclipseLogger - Using 'UTF-8' encoding to copy filtered resources.
2021-07-13 17:00:24,645 [Worker-9: Building] INFO  o.e.m.c.i.embedder.EclipseLogger - skip non existing resourceDirectory C:\Users\Anuj Singh\Desktop\Cogni_Rocks\Dependency Injection Techniques\first-meathod\src\main\resources
2021-07-13 17:00:24,649 [Worker-9: Building] INFO  o.e.m.c.i.embedder.EclipseLogger - Using 'UTF-8' encoding to copy filtered resources.
2021-07-13 17:00:24,649 [Worker-9: Building] INFO  o.e.m.c.i.embedder.EclipseLogger - skip non existing resourceDirectory C:\Users\Anuj Singh\Desktop\Cogni_Rocks\Dependency Injection Techniques\first-meathod\src\test\resources
2021-07-13 17:00:26,456 [Worker-4: Building] ERROR o.e.m.c.i.URLConnectionCaches - Unexpected URLConnection defaultUseCaches enabled
2021-07-13 17:00:26,462 [Worker-4: Building] INFO  o.e.m.c.i.embedder.EclipseLogger - Using 'UTF-8' encoding to copy filtered resources.
2021-07-13 17:00:26,462 [Worker-4: Building] INFO  o.e.m.c.i.embedder.EclipseLogger - skip non existing resourceDirectory C:\Users\Anuj Singh\Desktop\Cogni_Rocks\Dependency Injection Techniques\first-meathod\src\main\resources
2021-07-13 17:00:26,465 [Worker-4: Building] INFO  o.e.m.c.i.embedder.EclipseLogger - Using 'UTF-8' encoding to copy filtered resources.
2021-07-13 17:00:26,465 [Worker-4: Building] INFO  o.e.m.c.i.embedder.EclipseLogger - skip non existing resourceDirectory C:\Users\Anuj Singh\Desktop\Cogni_Rocks\Dependency Injection Techniques\first-meathod\src\test\resources
2021-07-13 17:00:35,555 [Worker-10: Updating Maven Project] INFO  o.e.m.c.i.p.ProjectConfigurationManager - Update started
2021-07-13 17:00:35,570 [Worker-10: Updating Maven Project] ERROR o.e.m.c.i.URLConnectionCaches - Unexpected URLConnection defaultUseCaches enabled
2021-07-13 17:00:36,105 [Worker-10: Updating Maven Project] INFO  o.e.m.c.i.l.LifecycleMappingFactory - Using org.eclipse.m2e.jdt.JarLifecycleMapping lifecycle mapping for MavenProject: com.IOC:first-meathod:0.0.1-SNAPSHOT @ C:\Users\Anuj Singh\Desktop\Cogni_Rocks\Dependency Injection Techniques\first-meathod\pom.xml.
2021-07-13 17:00:36,150 [Worker-10: Updating Maven Project] ERROR o.e.m.c.i.URLConnectionCaches - Unexpected URLConnection defaultUseCaches enabled
2021-07-13 17:00:36,329 [Worker-10: Updating Maven Project] INFO  o.e.m.j.i.AbstractJavaProjectConfigurator - Adding source folder /first-meathod/src/main/java
2021-07-13 17:00:36,330 [Worker-10: Updating Maven Project] INFO  o.e.m.j.i.AbstractJavaProjectConfigurator - Adding source folder /first-meathod/src/test/java
2021-07-13 17:00:36,797 [Worker-10: Updating Maven Project] INFO  o.e.m.c.i.p.ProjectConfigurationManager - Update completed: 1 sec
2021-07-13 17:00:37,648 [Worker-14: Building] ERROR o.e.m.c.i.URLConnectionCaches - Unexpected URLConnection defaultUseCaches enabled
2021-07-13 17:00:37,808 [Worker-14: Building] INFO  o.e.m.c.i.embedder.EclipseLogger - Using 'UTF-8' encoding to copy filtered resources.
2021-07-13 17:00:37,808 [Worker-14: Building] INFO  o.e.m.c.i.embedder.EclipseLogger - skip non existing resourceDirectory C:\Users\Anuj Singh\Desktop\Cogni_Rocks\Dependency Injection Techniques\first-meathod\src\main\resources
2021-07-13 17:00:37,818 [Worker-14: Building] INFO  o.e.m.c.i.embedder.EclipseLogger - Using 'UTF-8' encoding to copy filtered resources.
2021-07-13 17:00:37,819 [Worker-14: Building] INFO  o.e.m.c.i.embedder.EclipseLogger - skip non existing resourceDirectory C:\Users\Anuj Singh\Desktop\Cogni_Rocks\Dependency Injection Techniques\first-meathod\src\test\resources
2021-07-13 19:55:12,696 [Worker-15: Building] ERROR o.e.m.c.i.URLConnectionCaches - Unexpected URLConnection defaultUseCaches enabled
2021-07-13 19:55:12,771 [Worker-15: Building] INFO  o.e.m.c.i.embedder.EclipseLogger - Using 'UTF-8' encoding to copy filtered resources.
2021-07-13 19:55:12,772 [Worker-15: Building] INFO  o.e.m.c.i.embedder.EclipseLogger - skip non existing resourceDirectory C:\Users\Anuj Singh\Desktop\Cogni_Rocks\Dependency Injection Techniques\first-meathod\src\main\resources
2021-07-13 19:55:12,790 [Worker-15: Building] INFO  o.e.m.c.i.embedder.EclipseLogger - Using 'UTF-8' encoding to copy filtered resources.
2021-07-13 19:55:12,790 [Worker-15: Building] INFO  o.e.m.c.i.embedder.EclipseLogger - skip non existing resourceDirectory C:\Users\Anuj Singh\Desktop\Cogni_Rocks\Dependency Injection Techniques\first-meathod\src\test\resources
2021-07-13 19:55:45,837 [Worker-17: Building] ERROR o.e.m.c.i.URLConnectionCaches - Unexpected URLConnection defaultUseCaches enabled
2021-07-13 19:55:45,851 [Worker-17: Building] INFO  o.e.m.c.i.embedder.EclipseLogger - Using 'UTF-8' encoding to copy filtered resources.
2021-07-13 19:55:45,852 [Worker-17: Building] INFO  o.e.m.c.i.embedder.EclipseLogger - skip non existing resourceDirectory C:\Users\Anuj Singh\Desktop\Cogni_Rocks\Dependency Injection Techniques\first-meathod\src\main\resources
2021-07-13 19:55:45,857 [Worker-17: Building] INFO  o.e.m.c.i.embedder.EclipseLogger - Using 'UTF-8' encoding to copy filtered resources.
2021-07-13 19:55:45,857 [Worker-17: Building] INFO  o.e.m.c.i.embedder.EclipseLogger - skip non existing resourceDirectory C:\Users\Anuj Singh\Desktop\Cogni_Rocks\Dependency Injection Techniques\first-meathod\src\test\resources
2021-07-13 19:56:19,686 [Worker-15: Building] ERROR o.e.m.c.i.URLConnectionCaches - Unexpected URLConnection defaultUseCaches enabled
2021-07-13 19:56:19,691 [Worker-15: Building] INFO  o.e.m.c.i.embedder.EclipseLogger - Using 'UTF-8' encoding to copy filtered resources.
2021-07-13 19:56:19,691 [Worker-15: Building] INFO  o.e.m.c.i.embedder.EclipseLogger - skip non existing resourceDirectory C:\Users\Anuj Singh\Desktop\Cogni_Rocks\Dependency Injection Techniques\first-meathod\src\main\resources
2021-07-13 19:56:19,695 [Worker-15: Building] INFO  o.e.m.c.i.embedder.EclipseLogger - Using 'UTF-8' encoding to copy filtered resources.
2021-07-13 19:56:19,696 [Worker-15: Building] INFO  o.e.m.c.i.embedder.EclipseLogger - skip non existing resourceDirectory C:\Users\Anuj Singh\Desktop\Cogni_Rocks\Dependency Injection Techniques\first-meathod\src\test\resources
2021-07-13 19:56:57,030 [Worker-19: Building] ERROR o.e.m.c.i.URLConnectionCaches - Unexpected URLConnection defaultUseCaches enabled
2021-07-13 19:56:57,039 [Worker-19: Building] INFO  o.e.m.c.i.embedder.EclipseLogger - Using 'UTF-8' encoding to copy filtered resources.
2021-07-13 19:56:57,039 [Worker-19: Building] INFO  o.e.m.c.i.embedder.EclipseLogger - skip non existing resourceDirectory C:\Users\Anuj Singh\Desktop\Cogni_Rocks\Dependency Injection Techniques\first-meathod\src\main\resources
2021-07-13 19:56:57,043 [Worker-19: Building] INFO  o.e.m.c.i.embedder.EclipseLogger - Using 'UTF-8' encoding to copy filtered resources.
2021-07-13 19:56:57,044 [Worker-19: Building] INFO  o.e.m.c.i.embedder.EclipseLogger - skip non existing resourceDirectory C:\Users\Anuj Singh\Desktop\Cogni_Rocks\Dependency Injection Techniques\first-meathod\src\test\resources
2021-07-13 19:57:56,273 [Worker-18: Building] ERROR o.e.m.c.i.URLConnectionCaches - Unexpected URLConnection defaultUseCaches enabled
2021-07-13 19:57:56,277 [Worker-18: Building] INFO  o.e.m.c.i.embedder.EclipseLogger - Using 'UTF-8' encoding to copy filtered resources.
2021-07-13 19:57:56,278 [Worker-18: Building] INFO  o.e.m.c.i.embedder.EclipseLogger - skip non existing resourceDirectory C:\Users\Anuj Singh\Desktop\Cogni_Rocks\Dependency Injection Techniques\first-meathod\src\main\resources
2021-07-13 19:57:56,280 [Worker-18: Building] INFO  o.e.m.c.i.embedder.EclipseLogger - Using 'UTF-8' encoding to copy filtered resources.
2021-07-13 19:57:56,280 [Worker-18: Building] INFO  o.e.m.c.i.embedder.EclipseLogger - skip non existing resourceDirectory C:\Users\Anuj Singh\Desktop\Cogni_Rocks\Dependency Injection Techniques\first-meathod\src\test\resources
2021-07-13 19:58:08,784 [Worker-19: Building] ERROR o.e.m.c.i.URLConnectionCaches - Unexpected URLConnection defaultUseCaches enabled
2021-07-13 19:58:08,788 [Worker-19: Building] INFO  o.e.m.c.i.embedder.EclipseLogger - Using 'UTF-8' encoding to copy filtered resources.
2021-07-13 19:58:08,789 [Worker-19: Building] INFO  o.e.m.c.i.embedder.EclipseLogger - skip non existing resourceDirectory C:\Users\Anuj Singh\Desktop\Cogni_Rocks\Dependency Injection Techniques\first-meathod\src\main\resources
2021-07-13 19:58:08,792 [Worker-19: Building] INFO  o.e.m.c.i.embedder.EclipseLogger - Using 'UTF-8' encoding to copy filtered resources.
2021-07-13 19:58:08,792 [Worker-19: Building] INFO  o.e.m.c.i.embedder.EclipseLogger - skip non existing resourceDirectory C:\Users\Anuj Singh\Desktop\Cogni_Rocks\Dependency Injection Techniques\first-meathod\src\test\resources
2021-07-13 19:58:21,061 [Worker-19: Building] ERROR o.e.m.c.i.URLConnectionCaches - Unexpected URLConnection defaultUseCaches enabled
2021-07-13 19:58:21,068 [Worker-19: Building] INFO  o.e.m.c.i.embedder.EclipseLogger - Using 'UTF-8' encoding to copy filtered resources.
2021-07-13 19:58:21,069 [Worker-19: Building] INFO  o.e.m.c.i.embedder.EclipseLogger - skip non existing resourceDirectory C:\Users\Anuj Singh\Desktop\Cogni_Rocks\Dependency Injection Techniques\first-meathod\src\main\resources
2021-07-13 19:58:21,075 [Worker-19: Building] INFO  o.e.m.c.i.embedder.EclipseLogger - Using 'UTF-8' encoding to copy filtered resources.
2021-07-13 19:58:21,076 [Worker-19: Building] INFO  o.e.m.c.i.embedder.EclipseLogger - skip non existing resourceDirectory C:\Users\Anuj Singh\Desktop\Cogni_Rocks\Dependency Injection Techniques\first-meathod\src\test\resources
2021-07-13 19:58:30,306 [Worker-18: Building] ERROR o.e.m.c.i.URLConnectionCaches - Unexpected URLConnection defaultUseCaches enabled
2021-07-13 19:58:30,314 [Worker-18: Building] INFO  o.e.m.c.i.embedder.EclipseLogger - Using 'UTF-8' encoding to copy filtered resources.
2021-07-13 19:58:30,314 [Worker-18: Building] INFO  o.e.m.c.i.embedder.EclipseLogger - skip non existing resourceDirectory C:\Users\Anuj Singh\Desktop\Cogni_Rocks\Dependency Injection Techniques\first-meathod\src\main\resources
2021-07-13 19:58:30,318 [Worker-18: Building] INFO  o.e.m.c.i.embedder.EclipseLogger - Using 'UTF-8' encoding to copy filtered resources.
2021-07-13 19:58:30,318 [Worker-18: Building] INFO  o.e.m.c.i.embedder.EclipseLogger - skip non existing resourceDirectory C:\Users\Anuj Singh\Desktop\Cogni_Rocks\Dependency Injection Techniques\first-meathod\src\test\resources
2021-07-13 20:38:22,340 [Worker-17: Building] ERROR o.e.m.c.i.URLConnectionCaches - Unexpected URLConnection defaultUseCaches enabled
2021-07-13 20:38:25,019 [Worker-17: Building] INFO  o.e.m.c.i.l.LifecycleMappingFactory - Using org.eclipse.m2e.jdt.JarLifecycleMapping lifecycle mapping for MavenProject: com.IOC:first-meathod:0.0.1-SNAPSHOT @ C:\Users\Anuj Singh\Desktop\Cogni_Rocks\Dependency Injection Techniques\first-meathod\pom.xml.
2021-07-13 20:38:27,768 [Worker-17: Building] INFO  o.e.m.c.i.e.AbstractTransferListenerAdapter - Downloading https://repo.maven.apache.org/maven2/org/springframework/spring-core/5.3.4/spring-core-5.3.4.pom
2021-07-13 20:38:28,676 [Worker-17: Building] INFO  o.e.m.c.i.e.AbstractTransferListenerAdapter - Downloaded https://repo.maven.apache.org/maven2/org/springframework/spring-core/5.3.4/spring-core-5.3.4.pom
2021-07-13 20:38:29,052 [Worker-17: Building] INFO  o.e.m.c.i.e.AbstractTransferListenerAdapter - Downloading https://repo.maven.apache.org/maven2/org/springframework/spring-jcl/5.3.4/spring-jcl-5.3.4.pom
2021-07-13 20:38:29,475 [Worker-17: Building] INFO  o.e.m.c.i.e.AbstractTransferListenerAdapter - Downloaded https://repo.maven.apache.org/maven2/org/springframework/spring-jcl/5.3.4/spring-jcl-5.3.4.pom
2021-07-13 20:38:29,908 [AetherRepositoryConnector-repo.maven.apache.org-0-0] INFO  o.e.m.c.i.e.AbstractTransferListenerAdapter - Downloading https://repo.maven.apache.org/maven2/org/springframework/spring-core/5.3.4/spring-core-5.3.4.jar
2021-07-13 20:38:30,176 [AetherRepositoryConnector-repo.maven.apache.org-0-1] INFO  o.e.m.c.i.e.AbstractTransferListenerAdapter - Downloading https://repo.maven.apache.org/maven2/org/springframework/spring-jcl/5.3.4/spring-jcl-5.3.4.jar
2021-07-13 20:38:31,555 [AetherRepositoryConnector-repo.maven.apache.org-0-1] INFO  o.e.m.c.i.e.AbstractTransferListenerAdapter - Downloaded https://repo.maven.apache.org/maven2/org/springframework/spring-jcl/5.3.4/spring-jcl-5.3.4.jar
2021-07-13 20:38:31,969 [AetherRepositoryConnector-repo.maven.apache.org-0-0] INFO  o.e.m.c.i.e.AbstractTransferListenerAdapter - Downloaded https://repo.maven.apache.org/maven2/org/springframework/spring-core/5.3.4/spring-core-5.3.4.jar
2021-07-13 20:38:32,395 [Worker-17: Building] ERROR o.e.m.c.i.URLConnectionCaches - Unexpected URLConnection defaultUseCaches enabled
2021-07-13 20:38:33,033 [Worker-17: Building] INFO  o.e.m.c.i.embedder.EclipseLogger - Using 'UTF-8' encoding to copy filtered resources.
2021-07-13 20:38:33,034 [Worker-17: Building] INFO  o.e.m.c.i.embedder.EclipseLogger - skip non existing resourceDirectory C:\Users\Anuj Singh\Desktop\Cogni_Rocks\Dependency Injection Techniques\first-meathod\src\main\resources
2021-07-13 20:38:33,038 [Worker-17: Building] INFO  o.e.m.c.i.embedder.EclipseLogger - Using 'UTF-8' encoding to copy filtered resources.
2021-07-13 20:38:33,038 [Worker-17: Building] INFO  o.e.m.c.i.embedder.EclipseLogger - skip non existing resourceDirectory C:\Users\Anuj Singh\Desktop\Cogni_Rocks\Dependency Injection Techniques\first-meathod\src\test\resources
2021-07-13 20:38:34,277 [Worker-22: Download sources and javadoc] INFO  o.e.m.c.i.e.AbstractTransferListenerAdapter - Downloading https://repo.maven.apache.org/maven2/org/springframework/spring-core/5.3.4/spring-core-5.3.4-sources.jar
2021-07-13 20:38:35,190 [Worker-17: Building] ERROR o.e.m.c.i.URLConnectionCaches - Unexpected URLConnection defaultUseCaches enabled
2021-07-13 20:38:35,195 [Worker-17: Building] INFO  o.e.m.c.i.embedder.EclipseLogger - Using 'UTF-8' encoding to copy filtered resources.
2021-07-13 20:38:35,195 [Worker-17: Building] INFO  o.e.m.c.i.embedder.EclipseLogger - skip non existing resourceDirectory C:\Users\Anuj Singh\Desktop\Cogni_Rocks\Dependency Injection Techniques\first-meathod\src\main\resources
2021-07-13 20:38:35,197 [Worker-17: Building] INFO  o.e.m.c.i.embedder.EclipseLogger - Using 'UTF-8' encoding to copy filtered resources.
2021-07-13 20:38:35,198 [Worker-17: Building] INFO  o.e.m.c.i.embedder.EclipseLogger - skip non existing resourceDirectory C:\Users\Anuj Singh\Desktop\Cogni_Rocks\Dependency Injection Techniques\first-meathod\src\test\resources
2021-07-13 20:38:36,262 [Worker-22: Download sources and javadoc] INFO  o.e.m.c.i.e.AbstractTransferListenerAdapter - Downloaded https://repo.maven.apache.org/maven2/org/springframework/spring-core/5.3.4/spring-core-5.3.4-sources.jar
2021-07-13 20:38:36,271 [Worker-22: Download sources and javadoc] INFO  o.e.m.j.internal.DownloadSourcesJob - Downloaded sources for org.springframework:spring-core:5.3.4
2021-07-13 20:38:37,857 [Worker-22: Download sources and javadoc] INFO  o.e.m.c.i.e.AbstractTransferListenerAdapter - Downloading https://repo.maven.apache.org/maven2/org/springframework/spring-jcl/5.3.4/spring-jcl-5.3.4-sources.jar
2021-07-13 20:38:39,217 [Worker-22: Download sources and javadoc] INFO  o.e.m.c.i.e.AbstractTransferListenerAdapter - Downloaded https://repo.maven.apache.org/maven2/org/springframework/spring-jcl/5.3.4/spring-jcl-5.3.4-sources.jar
2021-07-13 20:38:39,224 [Worker-22: Download sources and javadoc] INFO  o.e.m.j.internal.DownloadSourcesJob - Downloaded sources for org.springframework:spring-jcl:5.3.4
2021-07-13 20:38:39,413 [Worker-22: Building] ERROR o.e.m.c.i.URLConnectionCaches - Unexpected URLConnection defaultUseCaches enabled
2021-07-13 20:38:39,418 [Worker-22: Building] INFO  o.e.m.c.i.embedder.EclipseLogger - Using 'UTF-8' encoding to copy filtered resources.
2021-07-13 20:38:39,418 [Worker-22: Building] INFO  o.e.m.c.i.embedder.EclipseLogger - skip non existing resourceDirectory C:\Users\Anuj Singh\Desktop\Cogni_Rocks\Dependency Injection Techniques\first-meathod\src\main\resources
2021-07-13 20:38:39,421 [Worker-22: Building] INFO  o.e.m.c.i.embedder.EclipseLogger - Using 'UTF-8' encoding to copy filtered resources.
2021-07-13 20:38:39,423 [Worker-22: Building] INFO  o.e.m.c.i.embedder.EclipseLogger - skip non existing resourceDirectory C:\Users\Anuj Singh\Desktop\Cogni_Rocks\Dependency Injection Techniques\first-meathod\src\test\resources
2021-07-13 20:38:51,309 [Worker-23: Updating Maven Project] INFO  o.e.m.c.i.p.ProjectConfigurationManager - Update started
2021-07-13 20:38:51,330 [Worker-23: Updating Maven Project] ERROR o.e.m.c.i.URLConnectionCaches - Unexpected URLConnection defaultUseCaches enabled
2021-07-13 20:38:51,754 [Worker-23: Updating Maven Project] INFO  o.e.m.c.i.l.LifecycleMappingFactory - Using org.eclipse.m2e.jdt.JarLifecycleMapping lifecycle mapping for MavenProject: com.IOC:first-meathod:0.0.1-SNAPSHOT @ C:\Users\Anuj Singh\Desktop\Cogni_Rocks\Dependency Injection Techniques\first-meathod\pom.xml.
2021-07-13 20:38:51,874 [Worker-23: Updating Maven Project] ERROR o.e.m.c.i.URLConnectionCaches - Unexpected URLConnection defaultUseCaches enabled
2021-07-13 20:38:52,031 [Worker-23: Updating Maven Project] INFO  o.e.m.j.i.AbstractJavaProjectConfigurator - Adding source folder /first-meathod/src/main/java
2021-07-13 20:38:52,032 [Worker-23: Updating Maven Project] INFO  o.e.m.j.i.AbstractJavaProjectConfigurator - Adding source folder /first-meathod/src/test/java
2021-07-13 20:38:52,527 [Worker-23: Updating Maven Project] INFO  o.e.m.c.i.p.ProjectConfigurationManager - Update completed: 1 sec
2021-07-13 20:38:53,223 [Worker-25: Building] ERROR o.e.m.c.i.URLConnectionCaches - Unexpected URLConnection defaultUseCaches enabled
2021-07-13 20:38:53,241 [Worker-25: Building] INFO  o.e.m.c.i.embedder.EclipseLogger - Using 'UTF-8' encoding to copy filtered resources.
2021-07-13 20:38:53,242 [Worker-25: Building] INFO  o.e.m.c.i.embedder.EclipseLogger - skip non existing resourceDirectory C:\Users\Anuj Singh\Desktop\Cogni_Rocks\Dependency Injection Techniques\first-meathod\src\main\resources
2021-07-13 20:38:53,244 [Worker-25: Building] INFO  o.e.m.c.i.embedder.EclipseLogger - Using 'UTF-8' encoding to copy filtered resources.
2021-07-13 20:38:53,245 [Worker-25: Building] INFO  o.e.m.c.i.embedder.EclipseLogger - skip non existing resourceDirectory C:\Users\Anuj Singh\Desktop\Cogni_Rocks\Dependency Injection Techniques\first-meathod\src\test\resources
2021-07-13 20:45:01,567 [Worker-27: Building] ERROR o.e.m.c.i.URLConnectionCaches - Unexpected URLConnection defaultUseCaches enabled
2021-07-13 20:45:02,236 [Worker-27: Building] INFO  o.e.m.c.i.l.LifecycleMappingFactory - Using org.eclipse.m2e.jdt.JarLifecycleMapping lifecycle mapping for MavenProject: com.IOC:first-meathod:0.0.1-SNAPSHOT @ C:\Users\Anuj Singh\Desktop\Cogni_Rocks\Dependency Injection Techniques\first-meathod\pom.xml.
2021-07-13 20:45:04,602 [Worker-27: Building] INFO  o.e.m.c.i.e.AbstractTransferListenerAdapter - Downloading https://repo.maven.apache.org/maven2/org/springframework/spring-context/5.3.4/spring-context-5.3.4.pom
2021-07-13 20:45:05,384 [Worker-27: Building] INFO  o.e.m.c.i.e.AbstractTransferListenerAdapter - Downloaded https://repo.maven.apache.org/maven2/org/springframework/spring-context/5.3.4/spring-context-5.3.4.pom
2021-07-13 20:45:05,701 [Worker-27: Building] INFO  o.e.m.c.i.e.AbstractTransferListenerAdapter - Downloading https://repo.maven.apache.org/maven2/org/springframework/spring-beans/5.3.4/spring-beans-5.3.4.pom
2021-07-13 20:45:06,064 [Worker-27: Building] INFO  o.e.m.c.i.e.AbstractTransferListenerAdapter - Downloaded https://repo.maven.apache.org/maven2/org/springframework/spring-beans/5.3.4/spring-beans-5.3.4.pom
2021-07-13 20:45:06,366 [Worker-27: Building] INFO  o.e.m.c.i.e.AbstractTransferListenerAdapter - Downloading https://repo.maven.apache.org/maven2/org/springframework/spring-expression/5.3.4/spring-expression-5.3.4.pom
2021-07-13 20:45:06,702 [Worker-27: Building] INFO  o.e.m.c.i.e.AbstractTransferListenerAdapter - Downloaded https://repo.maven.apache.org/maven2/org/springframework/spring-expression/5.3.4/spring-expression-5.3.4.pom
2021-07-13 20:45:07,182 [AetherRepositoryConnector-repo.maven.apache.org-1-0] INFO  o.e.m.c.i.e.AbstractTransferListenerAdapter - Downloading https://repo.maven.apache.org/maven2/org/springframework/spring-context/5.3.4/spring-context-5.3.4.jar
2021-07-13 20:45:08,107 [AetherRepositoryConnector-repo.maven.apache.org-1-3] INFO  o.e.m.c.i.e.AbstractTransferListenerAdapter - Downloading https://repo.maven.apache.org/maven2/org/springframework/spring-expression/5.3.4/spring-expression-5.3.4.jar
2021-07-13 20:45:08,107 [AetherRepositoryConnector-repo.maven.apache.org-1-1] INFO  o.e.m.c.i.e.AbstractTransferListenerAdapter - Downloading https://repo.maven.apache.org/maven2/org/springframework/spring-aop/5.3.4/spring-aop-5.3.4.jar
2021-07-13 20:45:08,107 [AetherRepositoryConnector-repo.maven.apache.org-1-2] INFO  o.e.m.c.i.e.AbstractTransferListenerAdapter - Downloading https://repo.maven.apache.org/maven2/org/springframework/spring-beans/5.3.4/spring-beans-5.3.4.jar
2021-07-13 20:45:12,465 [AetherRepositoryConnector-repo.maven.apache.org-1-1] INFO  o.e.m.c.i.e.AbstractTransferListenerAdapter - Downloaded https://repo.maven.apache.org/maven2/org/springframework/spring-aop/5.3.4/spring-aop-5.3.4.jar
2021-07-13 20:45:12,481 [AetherRepositoryConnector-repo.maven.apache.org-1-3] INFO  o.e.m.c.i.e.AbstractTransferListenerAdapter - Downloaded https://repo.maven.apache.org/maven2/org/springframework/spring-expression/5.3.4/spring-expression-5.3.4.jar
2021-07-13 20:45:12,732 [AetherRepositoryConnector-repo.maven.apache.org-1-2] INFO  o.e.m.c.i.e.AbstractTransferListenerAdapter - Downloaded https://repo.maven.apache.org/maven2/org/springframework/spring-beans/5.3.4/spring-beans-5.3.4.jar
2021-07-13 20:45:12,985 [AetherRepositoryConnector-repo.maven.apache.org-1-0] INFO  o.e.m.c.i.e.AbstractTransferListenerAdapter - Downloaded https://repo.maven.apache.org/maven2/org/springframework/spring-context/5.3.4/spring-context-5.3.4.jar
2021-07-13 20:45:13,074 [Worker-27: Building] ERROR o.e.m.c.i.URLConnectionCaches - Unexpected URLConnection defaultUseCaches enabled
2021-07-13 20:45:13,177 [Worker-27: Building] INFO  o.e.m.c.i.embedder.EclipseLogger - Using 'UTF-8' encoding to copy filtered resources.
2021-07-13 20:45:13,178 [Worker-27: Building] INFO  o.e.m.c.i.embedder.EclipseLogger - skip non existing resourceDirectory C:\Users\Anuj Singh\Desktop\Cogni_Rocks\Dependency Injection Techniques\first-meathod\src\main\resources
2021-07-13 20:45:13,180 [Worker-27: Building] INFO  o.e.m.c.i.embedder.EclipseLogger - Using 'UTF-8' encoding to copy filtered resources.
2021-07-13 20:45:13,180 [Worker-27: Building] INFO  o.e.m.c.i.embedder.EclipseLogger - skip non existing resourceDirectory C:\Users\Anuj Singh\Desktop\Cogni_Rocks\Dependency Injection Techniques\first-meathod\src\test\resources
2021-07-13 20:45:14,969 [Worker-24: Building] ERROR o.e.m.c.i.URLConnectionCaches - Unexpected URLConnection defaultUseCaches enabled
2021-07-13 20:45:14,973 [Worker-24: Building] INFO  o.e.m.c.i.embedder.EclipseLogger - Using 'UTF-8' encoding to copy filtered resources.
2021-07-13 20:45:14,973 [Worker-24: Building] INFO  o.e.m.c.i.embedder.EclipseLogger - skip non existing resourceDirectory C:\Users\Anuj Singh\Desktop\Cogni_Rocks\Dependency Injection Techniques\first-meathod\src\main\resources
2021-07-13 20:45:14,975 [Worker-24: Building] INFO  o.e.m.c.i.embedder.EclipseLogger - Using 'UTF-8' encoding to copy filtered resources.
2021-07-13 20:45:14,975 [Worker-24: Building] INFO  o.e.m.c.i.embedder.EclipseLogger - skip non existing resourceDirectory C:\Users\Anuj Singh\Desktop\Cogni_Rocks\Dependency Injection Techniques\first-meathod\src\test\resources
2021-07-13 20:45:15,784 [Worker-27: Download sources and javadoc] INFO  o.e.m.c.i.e.AbstractTransferListenerAdapter - Downloading https://repo.maven.apache.org/maven2/org/springframework/spring-context/5.3.4/spring-context-5.3.4-sources.jar
2021-07-13 20:45:17,893 [Worker-27: Download sources and javadoc] INFO  o.e.m.c.i.e.AbstractTransferListenerAdapter - Downloaded https://repo.maven.apache.org/maven2/org/springframework/spring-context/5.3.4/spring-context-5.3.4-sources.jar
2021-07-13 20:45:17,904 [Worker-27: Download sources and javadoc] INFO  o.e.m.j.internal.DownloadSourcesJob - Downloaded sources for org.springframework:spring-context:5.3.4
2021-07-13 20:45:20,076 [Worker-27: Download sources and javadoc] INFO  o.e.m.c.i.e.AbstractTransferListenerAdapter - Downloading https://repo.maven.apache.org/maven2/org/springframework/spring-aop/5.3.4/spring-aop-5.3.4-sources.jar
2021-07-13 20:45:21,866 [Worker-27: Download sources and javadoc] INFO  o.e.m.c.i.e.AbstractTransferListenerAdapter - Downloaded https://repo.maven.apache.org/maven2/org/springframework/spring-aop/5.3.4/spring-aop-5.3.4-sources.jar
2021-07-13 20:45:21,905 [Worker-27: Download sources and javadoc] INFO  o.e.m.j.internal.DownloadSourcesJob - Downloaded sources for org.springframework:spring-aop:5.3.4
2021-07-13 20:45:23,205 [Worker-27: Download sources and javadoc] INFO  o.e.m.c.i.e.AbstractTransferListenerAdapter - Downloading https://repo.maven.apache.org/maven2/org/springframework/spring-beans/5.3.4/spring-beans-5.3.4-sources.jar
2021-07-13 20:45:24,856 [Worker-27: Download sources and javadoc] INFO  o.e.m.c.i.e.AbstractTransferListenerAdapter - Downloaded https://repo.maven.apache.org/maven2/org/springframework/spring-beans/5.3.4/spring-beans-5.3.4-sources.jar
2021-07-13 20:45:24,864 [Worker-27: Download sources and javadoc] INFO  o.e.m.j.internal.DownloadSourcesJob - Downloaded sources for org.springframework:spring-beans:5.3.4
2021-07-13 20:45:26,349 [Worker-27: Download sources and javadoc] INFO  o.e.m.c.i.e.AbstractTransferListenerAdapter - Downloading https://repo.maven.apache.org/maven2/org/springframework/spring-expression/5.3.4/spring-expression-5.3.4-sources.jar
2021-07-13 20:45:27,733 [Worker-27: Download sources and javadoc] INFO  o.e.m.c.i.e.AbstractTransferListenerAdapter - Downloaded https://repo.maven.apache.org/maven2/org/springframework/spring-expression/5.3.4/spring-expression-5.3.4-sources.jar
2021-07-13 20:45:27,743 [Worker-27: Download sources and javadoc] INFO  o.e.m.j.internal.DownloadSourcesJob - Downloaded sources for org.springframework:spring-expression:5.3.4
2021-07-13 20:45:28,116 [Worker-28: Building] ERROR o.e.m.c.i.URLConnectionCaches - Unexpected URLConnection defaultUseCaches enabled
2021-07-13 20:45:28,146 [Worker-28: Building] INFO  o.e.m.c.i.embedder.EclipseLogger - Using 'UTF-8' encoding to copy filtered resources.
2021-07-13 20:45:28,147 [Worker-28: Building] INFO  o.e.m.c.i.embedder.EclipseLogger - skip non existing resourceDirectory C:\Users\Anuj Singh\Desktop\Cogni_Rocks\Dependency Injection Techniques\first-meathod\src\main\resources
2021-07-13 20:45:28,150 [Worker-28: Building] INFO  o.e.m.c.i.embedder.EclipseLogger - Using 'UTF-8' encoding to copy filtered resources.
2021-07-13 20:45:28,150 [Worker-28: Building] INFO  o.e.m.c.i.embedder.EclipseLogger - skip non existing resourceDirectory C:\Users\Anuj Singh\Desktop\Cogni_Rocks\Dependency Injection Techniques\first-meathod\src\test\resources
2021-07-13 20:46:54,129 [Worker-27: Building] ERROR o.e.m.c.i.URLConnectionCaches - Unexpected URLConnection defaultUseCaches enabled
2021-07-13 20:46:54,132 [Worker-27: Building] INFO  o.e.m.c.i.embedder.EclipseLogger - Using 'UTF-8' encoding to copy filtered resources.
2021-07-13 20:46:54,133 [Worker-27: Building] INFO  o.e.m.c.i.embedder.EclipseLogger - skip non existing resourceDirectory C:\Users\Anuj Singh\Desktop\Cogni_Rocks\Dependency Injection Techniques\first-meathod\src\main\resources
2021-07-13 20:46:54,135 [Worker-27: Building] INFO  o.e.m.c.i.embedder.EclipseLogger - Using 'UTF-8' encoding to copy filtered resources.
2021-07-13 20:46:54,136 [Worker-27: Building] INFO  o.e.m.c.i.embedder.EclipseLogger - skip non existing resourceDirectory C:\Users\Anuj Singh\Desktop\Cogni_Rocks\Dependency Injection Techniques\first-meathod\src\test\resources
2021-07-13 20:50:06,032 [Worker-33: Building] ERROR o.e.m.c.i.URLConnectionCaches - Unexpected URLConnection defaultUseCaches enabled
2021-07-13 20:50:06,035 [Worker-33: Building] INFO  o.e.m.c.i.embedder.EclipseLogger - Using 'UTF-8' encoding to copy filtered resources.
2021-07-13 20:50:06,035 [Worker-33: Building] INFO  o.e.m.c.i.embedder.EclipseLogger - skip non existing resourceDirectory C:\Users\Anuj Singh\Desktop\Cogni_Rocks\Dependency Injection Techniques\first-meathod\src\main\resources
2021-07-13 20:50:06,037 [Worker-33: Building] INFO  o.e.m.c.i.embedder.EclipseLogger - Using 'UTF-8' encoding to copy filtered resources.
2021-07-13 20:50:06,038 [Worker-33: Building] INFO  o.e.m.c.i.embedder.EclipseLogger - skip non existing resourceDirectory C:\Users\Anuj Singh\Desktop\Cogni_Rocks\Dependency Injection Techniques\first-meathod\src\test\resources
2021-07-13 20:50:14,200 [Worker-32: Building] ERROR o.e.m.c.i.URLConnectionCaches - Unexpected URLConnection defaultUseCaches enabled
2021-07-13 20:50:14,206 [Worker-32: Building] INFO  o.e.m.c.i.embedder.EclipseLogger - Using 'UTF-8' encoding to copy filtered resources.
2021-07-13 20:50:14,206 [Worker-32: Building] INFO  o.e.m.c.i.embedder.EclipseLogger - skip non existing resourceDirectory C:\Users\Anuj Singh\Desktop\Cogni_Rocks\Dependency Injection Techniques\first-meathod\src\main\resources
2021-07-13 20:50:14,208 [Worker-32: Building] INFO  o.e.m.c.i.embedder.EclipseLogger - Using 'UTF-8' encoding to copy filtered resources.
2021-07-13 20:50:14,209 [Worker-32: Building] INFO  o.e.m.c.i.embedder.EclipseLogger - skip non existing resourceDirectory C:\Users\Anuj Singh\Desktop\Cogni_Rocks\Dependency Injection Techniques\first-meathod\src\test\resources
2021-07-13 20:59:13,909 [Worker-30: Building] ERROR o.e.m.c.i.URLConnectionCaches - Unexpected URLConnection defaultUseCaches enabled
2021-07-13 20:59:13,919 [Worker-30: Building] INFO  o.e.m.c.i.embedder.EclipseLogger - Using 'UTF-8' encoding to copy filtered resources.
2021-07-13 20:59:13,920 [Worker-30: Building] INFO  o.e.m.c.i.embedder.EclipseLogger - skip non existing resourceDirectory C:\Users\Anuj Singh\Desktop\Cogni_Rocks\Dependency Injection Techniques\first-meathod\src\main\resources
2021-07-13 20:59:13,924 [Worker-30: Building] INFO  o.e.m.c.i.embedder.EclipseLogger - Using 'UTF-8' encoding to copy filtered resources.
2021-07-13 20:59:13,924 [Worker-30: Building] INFO  o.e.m.c.i.embedder.EclipseLogger - skip non existing resourceDirectory C:\Users\Anuj Singh\Desktop\Cogni_Rocks\Dependency Injection Techniques\first-meathod\src\test\resources
2021-07-13 21:00:53,045 [Worker-30: Building] ERROR o.e.m.c.i.URLConnectionCaches - Unexpected URLConnection defaultUseCaches enabled
2021-07-13 21:00:53,052 [Worker-30: Building] INFO  o.e.m.c.i.embedder.EclipseLogger - Using 'UTF-8' encoding to copy filtered resources.
2021-07-13 21:00:53,053 [Worker-30: Building] INFO  o.e.m.c.i.embedder.EclipseLogger - skip non existing resourceDirectory C:\Users\Anuj Singh\Desktop\Cogni_Rocks\Dependency Injection Techniques\first-meathod\src\main\resources
2021-07-13 21:00:53,059 [Worker-30: Building] INFO  o.e.m.c.i.embedder.EclipseLogger - Using 'UTF-8' encoding to copy filtered resources.
2021-07-13 21:00:53,060 [Worker-30: Building] INFO  o.e.m.c.i.embedder.EclipseLogger - skip non existing resourceDirectory C:\Users\Anuj Singh\Desktop\Cogni_Rocks\Dependency Injection Techniques\first-meathod\src\test\resources
2021-07-13 21:01:24,787 [Worker-31: Building] ERROR o.e.m.c.i.URLConnectionCaches - Unexpected URLConnection defaultUseCaches enabled
2021-07-13 21:01:24,791 [Worker-31: Building] INFO  o.e.m.c.i.embedder.EclipseLogger - Using 'UTF-8' encoding to copy filtered resources.
2021-07-13 21:01:24,792 [Worker-31: Building] INFO  o.e.m.c.i.embedder.EclipseLogger - skip non existing resourceDirectory C:\Users\Anuj Singh\Desktop\Cogni_Rocks\Dependency Injection Techniques\first-meathod\src\main\resources
2021-07-13 21:01:24,794 [Worker-31: Building] INFO  o.e.m.c.i.embedder.EclipseLogger - Using 'UTF-8' encoding to copy filtered resources.
2021-07-13 21:01:24,795 [Worker-31: Building] INFO  o.e.m.c.i.embedder.EclipseLogger - skip non existing resourceDirectory C:\Users\Anuj Singh\Desktop\Cogni_Rocks\Dependency Injection Techniques\first-meathod\src\test\resources
2021-07-13 21:01:44,331 [Worker-35: Building] ERROR o.e.m.c.i.URLConnectionCaches - Unexpected URLConnection defaultUseCaches enabled
2021-07-13 21:01:44,336 [Worker-35: Building] INFO  o.e.m.c.i.embedder.EclipseLogger - Using 'UTF-8' encoding to copy filtered resources.
2021-07-13 21:01:44,337 [Worker-35: Building] INFO  o.e.m.c.i.embedder.EclipseLogger - skip non existing resourceDirectory C:\Users\Anuj Singh\Desktop\Cogni_Rocks\Dependency Injection Techniques\first-meathod\src\main\resources
2021-07-13 21:01:44,340 [Worker-35: Building] INFO  o.e.m.c.i.embedder.EclipseLogger - Using 'UTF-8' encoding to copy filtered resources.
2021-07-13 21:01:44,341 [Worker-35: Building] INFO  o.e.m.c.i.embedder.EclipseLogger - skip non existing resourceDirectory C:\Users\Anuj Singh\Desktop\Cogni_Rocks\Dependency Injection Techniques\first-meathod\src\test\resources
2021-07-13 21:03:43,688 [Worker-38: Building] ERROR o.e.m.c.i.URLConnectionCaches - Unexpected URLConnection defaultUseCaches enabled
2021-07-13 21:03:43,694 [Worker-38: Building] INFO  o.e.m.c.i.embedder.EclipseLogger - Using 'UTF-8' encoding to copy filtered resources.
2021-07-13 21:03:43,694 [Worker-38: Building] INFO  o.e.m.c.i.embedder.EclipseLogger - skip non existing resourceDirectory C:\Users\Anuj Singh\Desktop\Cogni_Rocks\Dependency Injection Techniques\first-meathod\src\main\resources
2021-07-13 21:03:43,696 [Worker-38: Building] INFO  o.e.m.c.i.embedder.EclipseLogger - Using 'UTF-8' encoding to copy filtered resources.
2021-07-13 21:03:43,696 [Worker-38: Building] INFO  o.e.m.c.i.embedder.EclipseLogger - skip non existing resourceDirectory C:\Users\Anuj Singh\Desktop\Cogni_Rocks\Dependency Injection Techniques\first-meathod\src\test\resources
2021-07-13 21:04:09,411 [Worker-39: Building] ERROR o.e.m.c.i.URLConnectionCaches - Unexpected URLConnection defaultUseCaches enabled
2021-07-13 21:04:09,422 [Worker-39: Building] INFO  o.e.m.c.i.embedder.EclipseLogger - Using 'UTF-8' encoding to copy filtered resources.
2021-07-13 21:04:09,423 [Worker-39: Building] INFO  o.e.m.c.i.embedder.EclipseLogger - skip non existing resourceDirectory C:\Users\Anuj Singh\Desktop\Cogni_Rocks\Dependency Injection Techniques\first-meathod\src\main\resources
2021-07-13 21:04:09,428 [Worker-39: Building] INFO  o.e.m.c.i.embedder.EclipseLogger - Using 'UTF-8' encoding to copy filtered resources.
2021-07-13 21:04:09,429 [Worker-39: Building] INFO  o.e.m.c.i.embedder.EclipseLogger - skip non existing resourceDirectory C:\Users\Anuj Singh\Desktop\Cogni_Rocks\Dependency Injection Techniques\first-meathod\src\test\resources
2021-07-13 21:04:18,522 [Worker-35: Building] ERROR o.e.m.c.i.URLConnectionCaches - Unexpected URLConnection defaultUseCaches enabled
2021-07-13 21:04:18,526 [Worker-35: Building] INFO  o.e.m.c.i.embedder.EclipseLogger - Using 'UTF-8' encoding to copy filtered resources.
2021-07-13 21:04:18,526 [Worker-35: Building] INFO  o.e.m.c.i.embedder.EclipseLogger - skip non existing resourceDirectory C:\Users\Anuj Singh\Desktop\Cogni_Rocks\Dependency Injection Techniques\first-meathod\src\main\resources
2021-07-13 21:04:18,528 [Worker-35: Building] INFO  o.e.m.c.i.embedder.EclipseLogger - Using 'UTF-8' encoding to copy filtered resources.
2021-07-13 21:04:18,528 [Worker-35: Building] INFO  o.e.m.c.i.embedder.EclipseLogger - skip non existing resourceDirectory C:\Users\Anuj Singh\Desktop\Cogni_Rocks\Dependency Injection Techniques\first-meathod\src\test\resources
2021-07-13 21:05:04,351 [Worker-40: Building] ERROR o.e.m.c.i.URLConnectionCaches - Unexpected URLConnection defaultUseCaches enabled
2021-07-13 21:05:04,355 [Worker-40: Building] INFO  o.e.m.c.i.embedder.EclipseLogger - Using 'UTF-8' encoding to copy filtered resources.
2021-07-13 21:05:04,355 [Worker-40: Building] INFO  o.e.m.c.i.embedder.EclipseLogger - skip non existing resourceDirectory C:\Users\Anuj Singh\Desktop\Cogni_Rocks\Dependency Injection Techniques\first-meathod\src\main\resources
2021-07-13 21:05:04,356 [Worker-40: Building] INFO  o.e.m.c.i.embedder.EclipseLogger - Using 'UTF-8' encoding to copy filtered resources.
2021-07-13 21:05:04,357 [Worker-40: Building] INFO  o.e.m.c.i.embedder.EclipseLogger - skip non existing resourceDirectory C:\Users\Anuj Singh\Desktop\Cogni_Rocks\Dependency Injection Techniques\first-meathod\src\test\resources
2021-07-13 21:05:25,187 [Worker-30: Building] ERROR o.e.m.c.i.URLConnectionCaches - Unexpected URLConnection defaultUseCaches enabled
2021-07-13 21:05:25,192 [Worker-30: Building] INFO  o.e.m.c.i.embedder.EclipseLogger - Using 'UTF-8' encoding to copy filtered resources.
2021-07-13 21:05:25,192 [Worker-30: Building] INFO  o.e.m.c.i.embedder.EclipseLogger - skip non existing resourceDirectory C:\Users\Anuj Singh\Desktop\Cogni_Rocks\Dependency Injection Techniques\first-meathod\src\main\resources
2021-07-13 21:05:25,194 [Worker-30: Building] INFO  o.e.m.c.i.embedder.EclipseLogger - Using 'UTF-8' encoding to copy filtered resources.
2021-07-13 21:05:25,194 [Worker-30: Building] INFO  o.e.m.c.i.embedder.EclipseLogger - skip non existing resourceDirectory C:\Users\Anuj Singh\Desktop\Cogni_Rocks\Dependency Injection Techniques\first-meathod\src\test\resources
2021-07-13 21:05:50,507 [Worker-40: Updating Maven Project] INFO  o.e.m.c.i.p.ProjectConfigurationManager - Update started
2021-07-13 21:05:50,524 [Worker-40: Updating Maven Project] ERROR o.e.m.c.i.URLConnectionCaches - Unexpected URLConnection defaultUseCaches enabled
2021-07-13 21:05:51,215 [Worker-40: Updating Maven Project] INFO  o.e.m.c.i.l.LifecycleMappingFactory - Using org.eclipse.m2e.jdt.JarLifecycleMapping lifecycle mapping for MavenProject: com.IOC:first-meathod:0.0.1-SNAPSHOT @ C:\Users\Anuj Singh\Desktop\Cogni_Rocks\Dependency Injection Techniques\first-meathod\pom.xml.
2021-07-13 21:05:51,511 [Worker-40: Updating Maven Project] ERROR o.e.m.c.i.URLConnectionCaches - Unexpected URLConnection defaultUseCaches enabled
2021-07-13 21:05:51,718 [Worker-40: Updating Maven Project] INFO  o.e.m.j.i.AbstractJavaProjectConfigurator - Adding source folder /first-meathod/src/main/java
2021-07-13 21:05:51,719 [Worker-40: Updating Maven Project] INFO  o.e.m.j.i.AbstractJavaProjectConfigurator - Adding source folder /first-meathod/src/test/java
2021-07-13 21:05:52,056 [Worker-40: Updating Maven Project] INFO  o.e.m.c.i.p.ProjectConfigurationManager - Update completed: 1 sec
2021-07-13 21:05:52,498 [Worker-41: Building] ERROR o.e.m.c.i.URLConnectionCaches - Unexpected URLConnection defaultUseCaches enabled
2021-07-13 21:05:52,517 [Worker-41: Building] INFO  o.e.m.c.i.embedder.EclipseLogger - Using 'UTF-8' encoding to copy filtered resources.
2021-07-13 21:05:52,517 [Worker-41: Building] INFO  o.e.m.c.i.embedder.EclipseLogger - skip non existing resourceDirectory C:\Users\Anuj Singh\Desktop\Cogni_Rocks\Dependency Injection Techniques\first-meathod\src\main\resources
2021-07-13 21:05:52,520 [Worker-41: Building] INFO  o.e.m.c.i.embedder.EclipseLogger - Using 'UTF-8' encoding to copy filtered resources.
2021-07-13 21:05:52,520 [Worker-41: Building] INFO  o.e.m.c.i.embedder.EclipseLogger - skip non existing resourceDirectory C:\Users\Anuj Singh\Desktop\Cogni_Rocks\Dependency Injection Techniques\first-meathod\src\test\resources
2021-07-13 21:05:59,174 [Worker-43: Updating Maven Project] INFO  o.e.m.c.i.p.ProjectConfigurationManager - Update started
2021-07-13 21:05:59,192 [Worker-43: Updating Maven Project] ERROR o.e.m.c.i.URLConnectionCaches - Unexpected URLConnection defaultUseCaches enabled
2021-07-13 21:05:59,561 [Worker-43: Updating Maven Project] INFO  o.e.m.c.i.l.LifecycleMappingFactory - Using org.eclipse.m2e.jdt.JarLifecycleMapping lifecycle mapping for MavenProject: com.IOC:first-meathod:0.0.1-SNAPSHOT @ C:\Users\Anuj Singh\Desktop\Cogni_Rocks\Dependency Injection Techniques\first-meathod\pom.xml.
2021-07-13 21:05:59,629 [Worker-43: Updating Maven Project] ERROR o.e.m.c.i.URLConnectionCaches - Unexpected URLConnection defaultUseCaches enabled
2021-07-13 21:05:59,738 [Worker-43: Updating Maven Project] INFO  o.e.m.j.i.AbstractJavaProjectConfigurator - Adding source folder /first-meathod/src/main/java
2021-07-13 21:05:59,739 [Worker-43: Updating Maven Project] INFO  o.e.m.j.i.AbstractJavaProjectConfigurator - Adding source folder /first-meathod/src/test/java
2021-07-13 21:05:59,855 [Worker-43: Updating Maven Project] INFO  o.e.m.c.i.p.ProjectConfigurationManager - Update completed: 0 sec
2021-07-13 21:06:00,256 [Worker-38: Building] ERROR o.e.m.c.i.URLConnectionCaches - Unexpected URLConnection defaultUseCaches enabled
2021-07-13 21:06:00,274 [Worker-38: Building] INFO  o.e.m.c.i.embedder.EclipseLogger - Using 'UTF-8' encoding to copy filtered resources.
2021-07-13 21:06:00,275 [Worker-38: Building] INFO  o.e.m.c.i.embedder.EclipseLogger - skip non existing resourceDirectory C:\Users\Anuj Singh\Desktop\Cogni_Rocks\Dependency Injection Techniques\first-meathod\src\main\resources
2021-07-13 21:06:00,277 [Worker-38: Building] INFO  o.e.m.c.i.embedder.EclipseLogger - Using 'UTF-8' encoding to copy filtered resources.
2021-07-13 21:06:00,277 [Worker-38: Building] INFO  o.e.m.c.i.embedder.EclipseLogger - skip non existing resourceDirectory C:\Users\Anuj Singh\Desktop\Cogni_Rocks\Dependency Injection Techniques\first-meathod\src\test\resources
2021-07-13 21:06:46,030 [Worker-42: Launching App] ERROR o.e.m.c.i.URLConnectionCaches - Unexpected URLConnection defaultUseCaches enabled
2021-07-13 21:06:46,036 [Worker-42: Launching App] INFO  o.e.m.c.i.embedder.EclipseLogger - Using 'UTF-8' encoding to copy filtered resources.
2021-07-13 21:06:46,037 [Worker-42: Launching App] INFO  o.e.m.c.i.embedder.EclipseLogger - skip non existing resourceDirectory C:\Users\Anuj Singh\Desktop\Cogni_Rocks\Dependency Injection Techniques\first-meathod\src\main\resources
2021-07-13 21:06:46,039 [Worker-42: Launching App] INFO  o.e.m.c.i.embedder.EclipseLogger - Using 'UTF-8' encoding to copy filtered resources.
2021-07-13 21:06:46,039 [Worker-42: Launching App] INFO  o.e.m.c.i.embedder.EclipseLogger - skip non existing resourceDirectory C:\Users\Anuj Singh\Desktop\Cogni_Rocks\Dependency Injection Techniques\first-meathod\src\test\resources
2021-07-13 21:07:07,026 [Worker-38: Launching App] ERROR o.e.m.c.i.URLConnectionCaches - Unexpected URLConnection defaultUseCaches enabled
2021-07-13 21:07:07,031 [Worker-38: Launching App] INFO  o.e.m.c.i.embedder.EclipseLogger - Using 'UTF-8' encoding to copy filtered resources.
2021-07-13 21:07:07,031 [Worker-38: Launching App] INFO  o.e.m.c.i.embedder.EclipseLogger - skip non existing resourceDirectory C:\Users\Anuj Singh\Desktop\Cogni_Rocks\Dependency Injection Techniques\first-meathod\src\main\resources
2021-07-13 21:07:07,033 [Worker-38: Launching App] INFO  o.e.m.c.i.embedder.EclipseLogger - Using 'UTF-8' encoding to copy filtered resources.
2021-07-13 21:07:07,033 [Worker-38: Launching App] INFO  o.e.m.c.i.embedder.EclipseLogger - skip non existing resourceDirectory C:\Users\Anuj Singh\Desktop\Cogni_Rocks\Dependency Injection Techniques\first-meathod\src\test\resources
2021-07-13 21:07:20,471 [Worker-41: Building] ERROR o.e.m.c.i.URLConnectionCaches - Unexpected URLConnection defaultUseCaches enabled
2021-07-13 21:07:20,477 [Worker-41: Building] INFO  o.e.m.c.i.embedder.EclipseLogger - Using 'UTF-8' encoding to copy filtered resources.
2021-07-13 21:07:20,477 [Worker-41: Building] INFO  o.e.m.c.i.embedder.EclipseLogger - skip non existing resourceDirectory C:\Users\Anuj Singh\Desktop\Cogni_Rocks\Dependency Injection Techniques\first-meathod\src\main\resources
2021-07-13 21:07:20,479 [Worker-41: Building] INFO  o.e.m.c.i.embedder.EclipseLogger - Using 'UTF-8' encoding to copy filtered resources.
2021-07-13 21:07:20,479 [Worker-41: Building] INFO  o.e.m.c.i.embedder.EclipseLogger - skip non existing resourceDirectory C:\Users\Anuj Singh\Desktop\Cogni_Rocks\Dependency Injection Techniques\first-meathod\src\test\resources
2021-07-13 21:07:55,868 [Worker-43: Building] ERROR o.e.m.c.i.URLConnectionCaches - Unexpected URLConnection defaultUseCaches enabled
2021-07-13 21:07:55,872 [Worker-43: Building] INFO  o.e.m.c.i.embedder.EclipseLogger - Using 'UTF-8' encoding to copy filtered resources.
2021-07-13 21:07:55,872 [Worker-43: Building] INFO  o.e.m.c.i.embedder.EclipseLogger - skip non existing resourceDirectory C:\Users\Anuj Singh\Desktop\Cogni_Rocks\Dependency Injection Techniques\first-meathod\src\main\resources
2021-07-13 21:07:55,875 [Worker-43: Building] INFO  o.e.m.c.i.embedder.EclipseLogger - Using 'UTF-8' encoding to copy filtered resources.
2021-07-13 21:07:55,875 [Worker-43: Building] INFO  o.e.m.c.i.embedder.EclipseLogger - skip non existing resourceDirectory C:\Users\Anuj Singh\Desktop\Cogni_Rocks\Dependency Injection Techniques\first-meathod\src\test\resources
2021-07-13 21:24:58,610 [Worker-2: Loading available Gradle versions] INFO  o.e.b.c.i.u.g.PublishedGradleVersions - Gradle version information cache is up-to-date. Trying to read.
2021-07-13 21:26:14,508 [Worker-1: Building] INFO  o.e.m.c.i.embedder.EclipseLogger - Using 'UTF-8' encoding to copy filtered resources.
2021-07-13 21:26:14,510 [Worker-1: Building] INFO  o.e.m.c.i.embedder.EclipseLogger - skip non existing resourceDirectory C:\Users\Anuj Singh\Desktop\Cogni_Rocks\Dependency Injection Techniques\first-meathod\src\main\resources
2021-07-13 21:26:14,523 [Worker-1: Building] INFO  o.e.m.c.i.embedder.EclipseLogger - Using 'UTF-8' encoding to copy filtered resources.
2021-07-13 21:26:14,524 [Worker-1: Building] INFO  o.e.m.c.i.embedder.EclipseLogger - skip non existing resourceDirectory C:\Users\Anuj Singh\Desktop\Cogni_Rocks\Dependency Injection Techniques\first-meathod\src\test\resources
2021-07-13 21:29:20,100 [Worker-2: Building] INFO  o.e.m.c.i.embedder.EclipseLogger - Using 'UTF-8' encoding to copy filtered resources.
2021-07-13 21:29:20,117 [Worker-2: Building] INFO  o.e.m.c.i.embedder.EclipseLogger - skip non existing resourceDirectory C:\Users\Anuj Singh\Desktop\Cogni_Rocks\Dependency Injection Techniques\first-meathod\src\main\resources
2021-07-13 21:29:20,121 [Worker-2: Building] INFO  o.e.m.c.i.embedder.EclipseLogger - Using 'UTF-8' encoding to copy filtered resources.
2021-07-13 21:29:20,122 [Worker-2: Building] INFO  o.e.m.c.i.embedder.EclipseLogger - skip non existing resourceDirectory C:\Users\Anuj Singh\Desktop\Cogni_Rocks\Dependency Injection Techniques\first-meathod\src\test\resources
2021-07-13 21:30:29,686 [Worker-14: Building] INFO  o.e.m.c.i.embedder.EclipseLogger - Using 'UTF-8' encoding to copy filtered resources.
2021-07-13 21:30:29,688 [Worker-14: Building] INFO  o.e.m.c.i.embedder.EclipseLogger - skip non existing resourceDirectory C:\Users\Anuj Singh\Desktop\Cogni_Rocks\Dependency Injection Techniques\first-meathod\src\main\resources
2021-07-13 21:30:29,694 [Worker-14: Building] INFO  o.e.m.c.i.embedder.EclipseLogger - Using 'UTF-8' encoding to copy filtered resources.
2021-07-13 21:30:29,695 [Worker-14: Building] INFO  o.e.m.c.i.embedder.EclipseLogger - skip non existing resourceDirectory C:\Users\Anuj Singh\Desktop\Cogni_Rocks\Dependency Injection Techniques\first-meathod\src\test\resources
2021-07-13 21:30:45,066 [Worker-11: Building] INFO  o.e.m.c.i.embedder.EclipseLogger - Using 'UTF-8' encoding to copy filtered resources.
2021-07-13 21:30:45,067 [Worker-11: Building] INFO  o.e.m.c.i.embedder.EclipseLogger - skip non existing resourceDirectory C:\Users\Anuj Singh\Desktop\Cogni_Rocks\Dependency Injection Techniques\first-meathod\src\main\resources
2021-07-13 21:30:45,069 [Worker-11: Building] INFO  o.e.m.c.i.embedder.EclipseLogger - Using 'UTF-8' encoding to copy filtered resources.
2021-07-13 21:30:45,070 [Worker-11: Building] INFO  o.e.m.c.i.embedder.EclipseLogger - skip non existing resourceDirectory C:\Users\Anuj Singh\Desktop\Cogni_Rocks\Dependency Injection Techniques\first-meathod\src\test\resources
2021-07-14 09:54:26,237 [Worker-1: Loading available Gradle versions] INFO  o.e.b.c.i.u.g.PublishedGradleVersions - Gradle version information cache is up-to-date. Trying to read.
2021-07-14 20:14:35,913 [Worker-3: Loading available Gradle versions] INFO  o.e.b.c.i.u.g.PublishedGradleVersions - Gradle version information cache is out-of-date. Trying to update.
2021-07-14 20:14:50,537 [Worker-3: Loading available Gradle versions] INFO  o.e.b.c.i.u.g.PublishedGradleVersions - Updating Gradle version information cache failed. Using outdated cache.
2021-07-14 20:29:49,281 [Worker-2: Building] INFO  o.e.m.c.i.embedder.EclipseLogger - Using 'UTF-8' encoding to copy filtered resources.
2021-07-14 20:29:49,282 [Worker-2: Building] INFO  o.e.m.c.i.embedder.EclipseLogger - skip non existing resourceDirectory C:\Users\Anuj Singh\Desktop\Cogni_Rocks\Dependency Injection Techniques\first-meathod\src\main\resources
2021-07-14 20:29:49,287 [Worker-2: Building] INFO  o.e.m.c.i.embedder.EclipseLogger - Using 'UTF-8' encoding to copy filtered resources.
2021-07-14 20:29:49,287 [Worker-2: Building] INFO  o.e.m.c.i.embedder.EclipseLogger - skip non existing resourceDirectory C:\Users\Anuj Singh\Desktop\Cogni_Rocks\Dependency Injection Techniques\first-meathod\src\test\resources
2021-07-14 20:38:40,634 [Worker-16: Import Getting Started Content] INFO  o.e.m.c.i.l.LifecycleMappingFactory - Using org.eclipse.m2e.jdt.JarLifecycleMapping lifecycle mapping for MavenProject: com.componentScan:Second-meathod:0.0.1-SNAPSHOT @ C:\Users\Anuj Singh\Desktop\Cogni_Rocks\Dependency Injection Techniques\Second-meathod\pom.xml.
2021-07-14 20:39:02,203 [Worker-16: Import Getting Started Content] INFO  o.e.m.j.i.AbstractJavaProjectConfigurator - Adding source folder /Second-meathod/src/main/java
2021-07-14 20:39:02,205 [Worker-16: Import Getting Started Content] INFO  o.e.m.j.i.AbstractJavaProjectConfigurator - Adding resource folder /Second-meathod/src/main/resources
2021-07-14 20:39:02,235 [Worker-16: Import Getting Started Content] INFO  o.e.m.j.i.AbstractJavaProjectConfigurator - Adding resource folder /Second-meathod/src/main/resources
2021-07-14 20:39:02,257 [Worker-16: Import Getting Started Content] INFO  o.e.m.j.i.AbstractJavaProjectConfigurator - Adding source folder /Second-meathod/src/test/java
2021-07-14 20:39:08,621 [Worker-16: Import Getting Started Content] INFO  o.e.m.c.i.p.ProjectConfigurationManager - Imported and configured 1 project(s) in 40 sec
2021-07-14 20:39:08,627 [Worker-16: Import Getting Started Content] INFO  o.e.m.c.i.p.ProjectConfigurationManager - Update started
2021-07-14 20:39:09,972 [Worker-16: Import Getting Started Content] INFO  o.e.m.c.i.l.LifecycleMappingFactory - Using org.eclipse.m2e.jdt.JarLifecycleMapping lifecycle mapping for MavenProject: com.componentScan:Second-meathod:0.0.1-SNAPSHOT @ C:\Users\Anuj Singh\Desktop\Cogni_Rocks\Dependency Injection Techniques\Second-meathod\pom.xml.
2021-07-14 20:39:11,365 [Worker-16: Import Getting Started Content] INFO  o.e.m.j.i.AbstractJavaProjectConfigurator - Adding source folder /Second-meathod/src/main/java
2021-07-14 20:39:11,366 [Worker-16: Import Getting Started Content] INFO  o.e.m.j.i.AbstractJavaProjectConfigurator - Adding resource folder /Second-meathod/src/main/resources
2021-07-14 20:39:11,369 [Worker-16: Import Getting Started Content] INFO  o.e.m.j.i.AbstractJavaProjectConfigurator - Adding resource folder /Second-meathod/src/main/resources
2021-07-14 20:39:11,375 [Worker-16: Import Getting Started Content] INFO  o.e.m.j.i.AbstractJavaProjectConfigurator - Adding source folder /Second-meathod/src/test/java
2021-07-14 20:39:11,830 [Worker-16: Import Getting Started Content] INFO  o.e.m.c.i.p.ProjectConfigurationManager - Update completed: 3 sec
2021-07-14 20:39:13,616 [Worker-17: Building] INFO  o.e.m.c.i.embedder.EclipseLogger - Using 'UTF-8' encoding to copy filtered resources.
2021-07-14 20:39:13,618 [Worker-17: Building] INFO  o.e.m.c.i.embedder.EclipseLogger - Using 'UTF-8' encoding to copy filtered properties files.
2021-07-14 20:39:13,632 [Worker-17: Building] INFO  o.e.m.c.i.embedder.EclipseLogger - Copying 1 resource
2021-07-14 20:39:13,665 [Worker-17: Building] INFO  o.e.m.c.i.embedder.EclipseLogger - Copying 0 resource
2021-07-14 20:39:13,669 [Worker-17: Building] INFO  o.e.m.c.i.embedder.EclipseLogger - Using 'UTF-8' encoding to copy filtered resources.
2021-07-14 20:39:13,670 [Worker-17: Building] INFO  o.e.m.c.i.embedder.EclipseLogger - Using 'UTF-8' encoding to copy filtered properties files.
2021-07-14 20:39:13,670 [Worker-17: Building] INFO  o.e.m.c.i.embedder.EclipseLogger - skip non existing resourceDirectory C:\Users\Anuj Singh\Desktop\Cogni_Rocks\Dependency Injection Techniques\Second-meathod\src\test\resources
2021-07-14 20:39:58,800 [Worker-16: Building] INFO  o.e.m.c.i.embedder.EclipseLogger - Using 'UTF-8' encoding to copy filtered resources.
2021-07-14 20:39:58,801 [Worker-16: Building] INFO  o.e.m.c.i.embedder.EclipseLogger - Using 'UTF-8' encoding to copy filtered properties files.
2021-07-14 20:39:58,821 [Worker-16: Building] INFO  o.e.m.c.i.embedder.EclipseLogger - Copying 1 resource
2021-07-14 20:39:58,851 [Worker-16: Building] INFO  o.e.m.c.i.embedder.EclipseLogger - Copying 0 resource
2021-07-14 20:39:58,857 [Worker-16: Building] INFO  o.e.m.c.i.embedder.EclipseLogger - Using 'UTF-8' encoding to copy filtered resources.
2021-07-14 20:39:58,857 [Worker-16: Building] INFO  o.e.m.c.i.embedder.EclipseLogger - Using 'UTF-8' encoding to copy filtered properties files.
2021-07-14 20:39:58,858 [Worker-16: Building] INFO  o.e.m.c.i.embedder.EclipseLogger - skip non existing resourceDirectory C:\Users\Anuj Singh\Desktop\Cogni_Rocks\Dependency Injection Techniques\Second-meathod\src\test\resources
2021-07-14 20:40:08,394 [Worker-15: Building] INFO  o.e.m.c.i.embedder.EclipseLogger - Using 'UTF-8' encoding to copy filtered resources.
2021-07-14 20:40:08,395 [Worker-15: Building] INFO  o.e.m.c.i.embedder.EclipseLogger - Using 'UTF-8' encoding to copy filtered properties files.
2021-07-14 20:40:08,397 [Worker-15: Building] INFO  o.e.m.c.i.embedder.EclipseLogger - Copying 1 resource
2021-07-14 20:40:08,421 [Worker-15: Building] INFO  o.e.m.c.i.embedder.EclipseLogger - Copying 0 resource
2021-07-14 20:40:08,427 [Worker-15: Building] INFO  o.e.m.c.i.embedder.EclipseLogger - Using 'UTF-8' encoding to copy filtered resources.
2021-07-14 20:40:08,427 [Worker-15: Building] INFO  o.e.m.c.i.embedder.EclipseLogger - Using 'UTF-8' encoding to copy filtered properties files.
2021-07-14 20:40:08,427 [Worker-15: Building] INFO  o.e.m.c.i.embedder.EclipseLogger - skip non existing resourceDirectory C:\Users\Anuj Singh\Desktop\Cogni_Rocks\Dependency Injection Techniques\Second-meathod\src\test\resources
2021-07-14 20:40:19,299 [Worker-21: Building] INFO  o.e.m.c.i.embedder.EclipseLogger - Using 'UTF-8' encoding to copy filtered resources.
2021-07-14 20:40:19,299 [Worker-21: Building] INFO  o.e.m.c.i.embedder.EclipseLogger - Using 'UTF-8' encoding to copy filtered properties files.
2021-07-14 20:40:19,301 [Worker-21: Building] INFO  o.e.m.c.i.embedder.EclipseLogger - Copying 1 resource
2021-07-14 20:40:19,321 [Worker-21: Building] INFO  o.e.m.c.i.embedder.EclipseLogger - Copying 0 resource
2021-07-14 20:40:19,325 [Worker-21: Building] INFO  o.e.m.c.i.embedder.EclipseLogger - Using 'UTF-8' encoding to copy filtered resources.
2021-07-14 20:40:19,325 [Worker-21: Building] INFO  o.e.m.c.i.embedder.EclipseLogger - Using 'UTF-8' encoding to copy filtered properties files.
2021-07-14 20:40:19,326 [Worker-21: Building] INFO  o.e.m.c.i.embedder.EclipseLogger - skip non existing resourceDirectory C:\Users\Anuj Singh\Desktop\Cogni_Rocks\Dependency Injection Techniques\Second-meathod\src\test\resources
2021-07-14 20:40:31,310 [Worker-19: Building] INFO  o.e.m.c.i.embedder.EclipseLogger - Using 'UTF-8' encoding to copy filtered resources.
2021-07-14 20:40:31,310 [Worker-19: Building] INFO  o.e.m.c.i.embedder.EclipseLogger - Using 'UTF-8' encoding to copy filtered properties files.
2021-07-14 20:40:31,313 [Worker-19: Building] INFO  o.e.m.c.i.embedder.EclipseLogger - Copying 1 resource
2021-07-14 20:40:31,340 [Worker-19: Building] INFO  o.e.m.c.i.embedder.EclipseLogger - Copying 0 resource
2021-07-14 20:40:31,345 [Worker-19: Building] INFO  o.e.m.c.i.embedder.EclipseLogger - Using 'UTF-8' encoding to copy filtered resources.
2021-07-14 20:40:31,345 [Worker-19: Building] INFO  o.e.m.c.i.embedder.EclipseLogger - Using 'UTF-8' encoding to copy filtered properties files.
2021-07-14 20:40:31,345 [Worker-19: Building] INFO  o.e.m.c.i.embedder.EclipseLogger - skip non existing resourceDirectory C:\Users\Anuj Singh\Desktop\Cogni_Rocks\Dependency Injection Techniques\Second-meathod\src\test\resources
2021-07-14 20:43:44,607 [Worker-17: Building] INFO  o.e.m.c.i.embedder.EclipseLogger - Using 'UTF-8' encoding to copy filtered resources.
2021-07-14 20:43:44,608 [Worker-17: Building] INFO  o.e.m.c.i.embedder.EclipseLogger - Using 'UTF-8' encoding to copy filtered properties files.
2021-07-14 20:43:44,609 [Worker-17: Building] INFO  o.e.m.c.i.embedder.EclipseLogger - Copying 1 resource
2021-07-14 20:43:44,636 [Worker-17: Building] INFO  o.e.m.c.i.embedder.EclipseLogger - Copying 0 resource
2021-07-14 20:43:44,640 [Worker-17: Building] INFO  o.e.m.c.i.embedder.EclipseLogger - Using 'UTF-8' encoding to copy filtered resources.
2021-07-14 20:43:44,640 [Worker-17: Building] INFO  o.e.m.c.i.embedder.EclipseLogger - Using 'UTF-8' encoding to copy filtered properties files.
2021-07-14 20:43:44,641 [Worker-17: Building] INFO  o.e.m.c.i.embedder.EclipseLogger - skip non existing resourceDirectory C:\Users\Anuj Singh\Desktop\Cogni_Rocks\Dependency Injection Techniques\Second-meathod\src\test\resources
2021-07-14 20:45:10,020 [Worker-16: Building] INFO  o.e.m.c.i.embedder.EclipseLogger - Using 'UTF-8' encoding to copy filtered resources.
2021-07-14 20:45:10,044 [Worker-16: Building] INFO  o.e.m.c.i.embedder.EclipseLogger - Using 'UTF-8' encoding to copy filtered properties files.
2021-07-14 20:45:10,046 [Worker-16: Building] INFO  o.e.m.c.i.embedder.EclipseLogger - Copying 0 resource
2021-07-14 20:45:10,047 [Worker-16: Building] INFO  o.e.m.c.i.embedder.EclipseLogger - Copying 1 resource
2021-07-14 20:45:10,055 [Worker-16: Building] INFO  o.e.m.c.i.embedder.EclipseLogger - Using 'UTF-8' encoding to copy filtered resources.
2021-07-14 20:45:10,055 [Worker-16: Building] INFO  o.e.m.c.i.embedder.EclipseLogger - Using 'UTF-8' encoding to copy filtered properties files.
2021-07-14 20:45:10,056 [Worker-16: Building] INFO  o.e.m.c.i.embedder.EclipseLogger - skip non existing resourceDirectory C:\Users\Anuj Singh\Desktop\Cogni_Rocks\Dependency Injection Techniques\Second-meathod\src\test\resources
2021-07-14 20:45:19,573 [Worker-19: Updating Maven Project] INFO  o.e.m.c.i.p.ProjectConfigurationManager - Update started
2021-07-14 20:45:20,834 [Worker-19: Updating Maven Project] INFO  o.e.m.c.i.l.LifecycleMappingFactory - Using org.eclipse.m2e.jdt.JarLifecycleMapping lifecycle mapping for MavenProject: com.componentScan:Second-meathod:0.0.1-SNAPSHOT @ C:\Users\Anuj Singh\Desktop\Cogni_Rocks\Dependency Injection Techniques\Second-meathod\pom.xml.
2021-07-14 20:45:21,810 [Worker-19: Updating Maven Project] INFO  o.e.m.j.i.AbstractJavaProjectConfigurator - Adding source folder /Second-meathod/src/main/java
2021-07-14 20:45:21,811 [Worker-19: Updating Maven Project] INFO  o.e.m.j.i.AbstractJavaProjectConfigurator - Adding resource folder /Second-meathod/src/main/resources
2021-07-14 20:45:21,811 [Worker-19: Updating Maven Project] INFO  o.e.m.j.i.AbstractJavaProjectConfigurator - Adding resource folder /Second-meathod/src/main/resources
2021-07-14 20:45:21,812 [Worker-19: Updating Maven Project] INFO  o.e.m.j.i.AbstractJavaProjectConfigurator - Adding source folder /Second-meathod/src/test/java
2021-07-14 20:45:22,356 [Worker-19: Updating Maven Project] INFO  o.e.m.c.i.p.ProjectConfigurationManager - Update completed: 2 sec
2021-07-14 20:45:23,636 [Worker-16: Building] INFO  o.e.m.c.i.embedder.EclipseLogger - Using 'UTF-8' encoding to copy filtered resources.
2021-07-14 20:45:23,637 [Worker-16: Building] INFO  o.e.m.c.i.embedder.EclipseLogger - Using 'UTF-8' encoding to copy filtered properties files.
2021-07-14 20:45:23,638 [Worker-16: Building] INFO  o.e.m.c.i.embedder.EclipseLogger - Copying 1 resource
2021-07-14 20:45:23,664 [Worker-16: Building] INFO  o.e.m.c.i.embedder.EclipseLogger - Copying 1 resource
2021-07-14 20:45:23,672 [Worker-16: Building] INFO  o.e.m.c.i.embedder.EclipseLogger - Using 'UTF-8' encoding to copy filtered resources.
2021-07-14 20:45:23,672 [Worker-16: Building] INFO  o.e.m.c.i.embedder.EclipseLogger - Using 'UTF-8' encoding to copy filtered properties files.
2021-07-14 20:45:23,672 [Worker-16: Building] INFO  o.e.m.c.i.embedder.EclipseLogger - skip non existing resourceDirectory C:\Users\Anuj Singh\Desktop\Cogni_Rocks\Dependency Injection Techniques\Second-meathod\src\test\resources
2021-07-14 20:47:51,812 [Worker-17: Building] INFO  o.e.m.c.i.embedder.EclipseLogger - Using 'UTF-8' encoding to copy filtered resources.
2021-07-14 20:47:51,812 [Worker-17: Building] INFO  o.e.m.c.i.embedder.EclipseLogger - Using 'UTF-8' encoding to copy filtered properties files.
2021-07-14 20:47:51,815 [Worker-17: Building] INFO  o.e.m.c.i.embedder.EclipseLogger - Copying 1 resource
2021-07-14 20:47:51,841 [Worker-17: Building] INFO  o.e.m.c.i.embedder.EclipseLogger - Copying 1 resource
2021-07-14 20:47:51,846 [Worker-17: Building] INFO  o.e.m.c.i.embedder.EclipseLogger - Using 'UTF-8' encoding to copy filtered resources.
2021-07-14 20:47:51,846 [Worker-17: Building] INFO  o.e.m.c.i.embedder.EclipseLogger - Using 'UTF-8' encoding to copy filtered properties files.
2021-07-14 20:47:51,847 [Worker-17: Building] INFO  o.e.m.c.i.embedder.EclipseLogger - skip non existing resourceDirectory C:\Users\Anuj Singh\Desktop\Cogni_Rocks\Dependency Injection Techniques\Second-meathod\src\test\resources
2021-07-14 20:48:39,782 [Worker-17: Building] INFO  o.e.m.c.i.embedder.EclipseLogger - Using 'UTF-8' encoding to copy filtered resources.
2021-07-14 20:48:39,784 [Worker-17: Building] INFO  o.e.m.c.i.embedder.EclipseLogger - Using 'UTF-8' encoding to copy filtered properties files.
2021-07-14 20:48:39,786 [Worker-17: Building] INFO  o.e.m.c.i.embedder.EclipseLogger - Copying 1 resource
2021-07-14 20:48:39,802 [Worker-17: Building] INFO  o.e.m.c.i.embedder.EclipseLogger - Copying 1 resource
2021-07-14 20:48:39,805 [Worker-17: Building] INFO  o.e.m.c.i.embedder.EclipseLogger - Using 'UTF-8' encoding to copy filtered resources.
2021-07-14 20:48:39,805 [Worker-17: Building] INFO  o.e.m.c.i.embedder.EclipseLogger - Using 'UTF-8' encoding to copy filtered properties files.
2021-07-14 20:48:39,806 [Worker-17: Building] INFO  o.e.m.c.i.embedder.EclipseLogger - skip non existing resourceDirectory C:\Users\Anuj Singh\Desktop\Cogni_Rocks\Dependency Injection Techniques\Second-meathod\src\test\resources
2021-07-14 20:51:06,406 [Worker-17: Building] INFO  o.e.m.c.i.embedder.EclipseLogger - Using 'UTF-8' encoding to copy filtered resources.
2021-07-14 20:51:06,406 [Worker-17: Building] INFO  o.e.m.c.i.embedder.EclipseLogger - Using 'UTF-8' encoding to copy filtered properties files.
2021-07-14 20:51:06,408 [Worker-17: Building] INFO  o.e.m.c.i.embedder.EclipseLogger - Copying 0 resource
2021-07-14 20:51:06,408 [Worker-17: Building] INFO  o.e.m.c.i.embedder.EclipseLogger - Copying 1 resource
2021-07-14 20:51:06,414 [Worker-17: Building] INFO  o.e.m.c.i.embedder.EclipseLogger - Using 'UTF-8' encoding to copy filtered resources.
2021-07-14 20:51:06,414 [Worker-17: Building] INFO  o.e.m.c.i.embedder.EclipseLogger - Using 'UTF-8' encoding to copy filtered properties files.
2021-07-14 20:51:06,415 [Worker-17: Building] INFO  o.e.m.c.i.embedder.EclipseLogger - skip non existing resourceDirectory C:\Users\Anuj Singh\Desktop\Cogni_Rocks\Dependency Injection Techniques\Second-meathod\src\test\resources
